<?xml version="1.0" encoding="UTF-8"?>
<!-- Generated by org.testng.reporters.JUnitReportReporter -->
<testsuite skipped="0" hostname="saivignesha" name="bookingFeatureTest.LoginFeatureTest" tests="1" failures="0" timestamp="19 Jan 2019 01:33:48 GMT" time="27.113" errors="0">
  <testcase name="LoginTest" time="27.113" classname="bookingFeatureTest.LoginFeatureTest"/>
</testsuite> <!-- bookingFeatureTest.LoginFeatureTest -->
